d:\c++\studentdataproject\debug\vc142.pdb
d:\c++\studentdataproject\debug\vc142.idb
d:\c++\studentdataproject\debug\student.obj
d:\c++\studentdataproject\debug\roster.obj
d:\c++\studentdataproject\debug\main.obj
d:\c++\studentdataproject\debug\studentd.f899da93.tlog\cl.command.1.tlog
d:\c++\studentdataproject\debug\studentd.f899da93.tlog\cl.read.1.tlog
d:\c++\studentdataproject\debug\studentd.f899da93.tlog\cl.write.1.tlog
d:\c++\studentdataproject\debug\studentd.f899da93.tlog\link-cvtres.read.1.tlog
d:\c++\studentdataproject\debug\studentd.f899da93.tlog\link-cvtres.write.1.tlog
d:\c++\studentdataproject\debug\studentd.f899da93.tlog\link-rc.read.1.tlog
d:\c++\studentdataproject\debug\studentd.f899da93.tlog\link-rc.write.1.tlog
d:\c++\studentdataproject\debug\studentd.f899da93.tlog\link.7084-cvtres.read.1.tlog
d:\c++\studentdataproject\debug\studentd.f899da93.tlog\link.7084-cvtres.write.1.tlog
d:\c++\studentdataproject\debug\studentd.f899da93.tlog\link.7084-rc.read.1.tlog
d:\c++\studentdataproject\debug\studentd.f899da93.tlog\link.7084-rc.write.1.tlog
d:\c++\studentdataproject\debug\studentd.f899da93.tlog\link.7084.read.1.tlog
d:\c++\studentdataproject\debug\studentd.f899da93.tlog\link.7084.write.1.tlog
d:\c++\studentdataproject\debug\studentd.f899da93.tlog\link.command.1.tlog
d:\c++\studentdataproject\debug\studentd.f899da93.tlog\link.read.1.tlog
d:\c++\studentdataproject\debug\studentd.f899da93.tlog\link.write.1.tlog
